<?xml version="1.0" encoding="UTF-8"?>
<!-- Generated by org.testng.reporters.JUnitReportReporter -->
<testsuite hostname="LTIN235691" failures="0" tests="12" name="TestCase.TC_01_zigwheels" time="114.074" errors="0" timestamp="2024-03-04T14:37:00 IST" skipped="0">
  <testcase classname="TestCase.TC_01_zigwheels" name="upcmgBikes" time="5.656"/>
  <system-out/>
  <testcase classname="TestCase.TC_01_zigwheels" name="upcmgBikes" time="6.890"/>
  <system-out/>
  <testcase classname="TestCase.TC_01_zigwheels" name="newBikes" time="8.560"/>
  <system-out/>
  <testcase classname="TestCase.TC_01_zigwheels" name="newBikes" time="4.900"/>
  <system-out/>
  <testcase classname="TestCase.TC_01_zigwheels" name="usCkr" time="21.901"/>
  <system-out/>
  <testcase classname="TestCase.TC_01_zigwheels" name="usCkr" time="27.671"/>
  <system-out/>
  <testcase classname="TestCase.TC_01_zigwheels" name="upcomingCars" time="4.471"/>
  <system-out/>
  <testcase classname="TestCase.TC_01_zigwheels" name="upcomingCars" time="1.728"/>
  <system-out/>
  <testcase classname="TestCase.TC_01_zigwheels" name="lopkg" time="1.902"/>
  <system-out/>
  <testcase classname="TestCase.TC_01_zigwheels" name="lopkg" time="2.322"/>
  <system-out/>
  <testcase classname="TestCase.TC_01_zigwheels" name="login" time="7.831"/>
  <system-out/>
  <testcase classname="TestCase.TC_01_zigwheels" name="login" time="20.242"/>
  <system-out/>
</testsuite> <!-- TestCase.TC_01_zigwheels -->
