<?xml version="1.0" encoding="UTF-8"?>
<!-- Generated by org.testng.reporters.JUnitReportReporter -->
<testsuite hostname="LTIN235691" failures="0" tests="12" name="TestCase.TC_01_zigwheels" time="40.043" errors="0" timestamp="2024-03-06T15:26:33 IST" skipped="0">
  <testcase classname="TestCase.TC_01_zigwheels" name="upcmgBikes" time="3.336"/>
  <system-out/>
  <testcase classname="TestCase.TC_01_zigwheels" name="upcmgBikes" time="4.888"/>
  <system-out/>
  <testcase classname="TestCase.TC_01_zigwheels" name="newBikes" time="3.694"/>
  <system-out/>
  <testcase classname="TestCase.TC_01_zigwheels" name="newBikes" time="5.536"/>
  <system-out/>
  <testcase classname="TestCase.TC_01_zigwheels" name="usCkr" time="4.089"/>
  <system-out/>
  <testcase classname="TestCase.TC_01_zigwheels" name="usCkr" time="4.419"/>
  <system-out/>
  <testcase classname="TestCase.TC_01_zigwheels" name="upcomingCars" time="2.123"/>
  <system-out/>
  <testcase classname="TestCase.TC_01_zigwheels" name="upcomingCars" time="1.629"/>
  <system-out/>
  <testcase classname="TestCase.TC_01_zigwheels" name="lopkg" time="1.919"/>
  <system-out/>
  <testcase classname="TestCase.TC_01_zigwheels" name="lopkg" time="2.668"/>
  <system-out/>
  <testcase classname="TestCase.TC_01_zigwheels" name="login" time="2.662"/>
  <system-out/>
  <testcase classname="TestCase.TC_01_zigwheels" name="login" time="3.080"/>
  <system-out/>
</testsuite> <!-- TestCase.TC_01_zigwheels -->
