<?xml version="1.0" encoding="UTF-8"?>
<!-- Generated by org.testng.reporters.JUnitReportReporter -->
<testsuite hostname="LTIN235691" failures="0" tests="12" name="TestCase.TC_01_zigwheels" time="90.376" errors="0" timestamp="2024-03-05T14:19:26 IST" skipped="0">
  <testcase classname="TestCase.TC_01_zigwheels" name="upcmgBikes" time="3.486"/>
  <system-out/>
  <testcase classname="TestCase.TC_01_zigwheels" name="upcmgBikes" time="30.661"/>
  <system-out/>
  <testcase classname="TestCase.TC_01_zigwheels" name="newBikes" time="4.537"/>
  <system-out/>
  <testcase classname="TestCase.TC_01_zigwheels" name="newBikes" time="20.913"/>
  <system-out/>
  <testcase classname="TestCase.TC_01_zigwheels" name="usCkr" time="7.105"/>
  <system-out/>
  <testcase classname="TestCase.TC_01_zigwheels" name="usCkr" time="4.873"/>
  <system-out/>
  <testcase classname="TestCase.TC_01_zigwheels" name="upcomingCars" time="2.249"/>
  <system-out/>
  <testcase classname="TestCase.TC_01_zigwheels" name="upcomingCars" time="1.758"/>
  <system-out/>
  <testcase classname="TestCase.TC_01_zigwheels" name="lopkg" time="1.883"/>
  <system-out/>
  <testcase classname="TestCase.TC_01_zigwheels" name="lopkg" time="3.634"/>
  <system-out/>
  <testcase classname="TestCase.TC_01_zigwheels" name="login" time="6.701"/>
  <system-out/>
  <testcase classname="TestCase.TC_01_zigwheels" name="login" time="2.576"/>
  <system-out/>
</testsuite> <!-- TestCase.TC_01_zigwheels -->
