<?xml version="1.0" encoding="UTF-8"?>
<!-- Generated by org.testng.reporters.JUnitReportReporter -->
<testsuite hostname="LTIN235691" failures="0" tests="12" name="TestCase.TC_01_zigwheels" time="76.208" errors="0" timestamp="2024-03-06T15:57:06 IST" skipped="0">
  <testcase classname="TestCase.TC_01_zigwheels" name="upcmgBikes" time="4.730"/>
  <system-out/>
  <testcase classname="TestCase.TC_01_zigwheels" name="upcmgBikes" time="5.807"/>
  <system-out/>
  <testcase classname="TestCase.TC_01_zigwheels" name="newBikes" time="19.436"/>
  <system-out/>
  <testcase classname="TestCase.TC_01_zigwheels" name="newBikes" time="4.443"/>
  <system-out/>
  <testcase classname="TestCase.TC_01_zigwheels" name="usCkr" time="7.707"/>
  <system-out/>
  <testcase classname="TestCase.TC_01_zigwheels" name="usCkr" time="6.986"/>
  <system-out/>
  <testcase classname="TestCase.TC_01_zigwheels" name="upcomingCars" time="2.099"/>
  <system-out/>
  <testcase classname="TestCase.TC_01_zigwheels" name="upcomingCars" time="3.532"/>
  <system-out/>
  <testcase classname="TestCase.TC_01_zigwheels" name="lopkg" time="1.668"/>
  <system-out/>
  <testcase classname="TestCase.TC_01_zigwheels" name="lopkg" time="3.565"/>
  <system-out/>
  <testcase classname="TestCase.TC_01_zigwheels" name="login" time="6.962"/>
  <system-out/>
  <testcase classname="TestCase.TC_01_zigwheels" name="login" time="9.273"/>
  <system-out/>
</testsuite> <!-- TestCase.TC_01_zigwheels -->
